-------------------------------------------------------------------------------
Test set: recito.ControleurTest
-------------------------------------------------------------------------------
Tests run: 1, Failures: 0, Errors: 1, Skipped: 0, Time elapsed: 4.905 s <<< FAILURE! - in recito.ControleurTest
getHello(recito.ControleurTest)  Time elapsed: 0.018 s  <<< ERROR!
java.lang.IllegalStateException: Failed to load ApplicationContext
Caused by: org.springframework.beans.factory.UnsatisfiedDependencyException: Error creating bean with name 'controleur' defined in file [/Users/hirt/Desktop/INSA/2018,2019/SMART/Recito/target/classes/recito/controller/Controleur.class]: Unsatisfied dependency expressed through constructor parameter 0; nested exception is org.springframework.beans.factory.BeanCreationException: Error creating bean with name 'clientRepository': Invocation of init method failed; nested exception is org.springframework.data.mapping.PropertyReferenceException: No property mail found for type Client! Did you mean 'email'?
Caused by: org.springframework.beans.factory.BeanCreationException: Error creating bean with name 'clientRepository': Invocation of init method failed; nested exception is org.springframework.data.mapping.PropertyReferenceException: No property mail found for type Client! Did you mean 'email'?
Caused by: org.springframework.data.mapping.PropertyReferenceException: No property mail found for type Client! Did you mean 'email'?

