<?xml version="1.0" encoding="UTF-8"?>
<testsuite xmlns:xsi="http://www.w3.org/2001/XMLSchema-instance" xsi:noNamespaceSchemaLocation="https://maven.apache.org/surefire/maven-surefire-plugin/xsd/surefire-test-report.xsd" name="recito.utils.PdfExtractorTest" time="1.247" tests="5" errors="0" skipped="0" failures="0">
  <properties>
[...]
</properties>
  <testcase name="getTextWithPdfCorrectButEmpty" classname="recito.utils.PdfExtractorTest" time="0"/>
  <testcase name="getTextWithPdfCorrect" classname="recito.utils.PdfExtractorTest" time="0.988"/>
  <testcase name="getTextWithPdfCorrupted" classname="recito.utils.PdfExtractorTest" time="0.257"/>
  <testcase name="getTextWithBadContent" classname="recito.utils.PdfExtractorTest" time="0"/>
  <testcase name="getTextWithBadName" classname="recito.utils.PdfExtractorTest" time="0.001"/>
</testsuite>